{
"info":"",
"varnames" : 
{
 "iPos":"va0"
,"cDepthMode":"vc13"
,"vTexCoord":"v2"
,"cUOffset":"vc14"
,"vNormal":"v1"
,"cVOffset":"vc15"
,"vWorldPos":"v3"
,"iTexCoord":"va2"
,"iNormal":"va1"
,"cModel_0":"vc9"
,"cModel_1":"vc10"
,"cModel":"vc1"
,"cModel_2":"vc11"
,"hoisted_const_0":"vc0"
,"gl_Position":"op"
,"gl_ClipVertex":"v0"
,"cViewProj":"vc5"
,"vc1":"vc9"
},
"consts" : 
{
 "vc0": [1.000000, 0.000000, 0.000000, 0.000000]
},
"types" : 
{
 "v0":"vec4"
,"op":"vec4"
,"vc0":"vec4"
,"coalesced_float_1_tmp_103":"vec4"
,"vt1":"vec4"
,"flattening_tmp_0_tmp_93":"vec4"
,"flattening_tmp_1_tmp_94":"vec3"
,"v3":"vec4"
,"v1":"vec3"
,"v2":"vec2"
,"va2":"vec2"
,"va1":"vec3"
,"va0":"vec4"
,"vc15":"vec4"
,"vc14":"vec4"
,"vc5":"mat4"
,"cViewProj_0":"vec4"
,"cViewProj_1":"vec4"
,"cViewProj_2":"vec4"
,"cViewProj_3":"vec4"
,"vc1":"mat4"
,"vc9":"vec4"
,"vc10":"vec4"
,"vc11":"vec4"
,"cModel_3":"vec4"
,"vc13":"vec4"
,"gl_Position":"vec4"
,"gl_ClipVertex":"vec4"
,"vt2":"vec3"
,"vt0":"vec4"
,"vt3":"mat3"
,"mat_ctor_vec_tmp_1_tmp_59_tmp_77":"vec3"
,"mat_ctor_vec_tmp_2_tmp_60_tmp_78":"vec3"
,"mat_ctor_vec_tmp_3_tmp_61_tmp_79":"vec3"
,"normalize_retval_tmp_16_tmp_80":"vec3"
},
"storage" : 
{
 "v0":"ir_var_out"
,"op":"ir_var_out"
,"vc0":"ir_var_uniform"
,"coalesced_float_1_tmp_103":"ir_var_temporary"
,"vt1":"ir_var_temporary"
,"flattening_tmp_0_tmp_93":"ir_var_temporary"
,"flattening_tmp_1_tmp_94":"ir_var_temporary"
,"v3":"ir_var_out"
,"v1":"ir_var_out"
,"v2":"ir_var_out"
,"va2":"ir_var_in"
,"va1":"ir_var_in"
,"va0":"ir_var_in"
,"vc15":"ir_var_uniform"
,"vc14":"ir_var_uniform"
,"vc5":"ir_var_uniform"
,"cViewProj_0":"ir_var_uniform"
,"cViewProj_1":"ir_var_uniform"
,"cViewProj_2":"ir_var_uniform"
,"cViewProj_3":"ir_var_uniform"
,"vc1":"ir_var_uniform"
,"vc9":"ir_var_uniform"
,"vc10":"ir_var_uniform"
,"vc11":"ir_var_uniform"
,"cModel_3":"ir_var_uniform"
,"vc13":"ir_var_uniform"
,"gl_Position":"ir_var_out"
,"gl_ClipVertex":"ir_var_out"
,"vt2":"ir_var_temporary"
,"vt0":"ir_var_temporary"
,"vt3":"ir_var_temporary"
,"mat_ctor_vec_tmp_1_tmp_59_tmp_77":"ir_var_temporary"
,"mat_ctor_vec_tmp_2_tmp_60_tmp_78":"ir_var_temporary"
,"mat_ctor_vec_tmp_3_tmp_61_tmp_79":"ir_var_temporary"
,"normalize_retval_tmp_16_tmp_80":"ir_var_temporary"
},
"agalasm":"\n\nmov vt0.w, vc0.xxxx\nm44 vt1.xyzw, va0.xyzw, vc1\nmov vt2.xyz, vt1.xyzz\nmov vt0.xyz, vt2.xyzz\nm44 vt1.xyzw, vt0.xyzw, vc5\nmov v0.xyzw, vt1.xyzw\nmov op.xyzw, vt1.xyzw\n\n\nmov vt0.xyz, vc9.xyzz\n\nmov vt0.xyz, vc10.xyzz\n\nmov vt0.xyz, vc11.xyzz\n\nm33 vt0.xyz, va1.xyzz, vt3\nmov v1, vc0\nnrm v1.xyz, vt0.xyzz\nmov vt3.xyz, vt2.xyzz\ndp4 vt3.w, vt1.zwww, vc13.zwww\nmov v3.xyzw, vt3.xyzw\ndp4 vt2.x, va2.xyyy, vc14.xyyy\nadd vt0.x, vt2.xxxx, vc14.wwww\ndp4 vt2.y, va2.xyyy, vc15.xyyy\nadd vt0.y, vt2.yyyy, vc15.wwww\nmov v2, vc0\nmov v2.xy, vt0.xyyy\n\n"
}
